The system is: Windows - 10.0.22621 - AMD64
Compiling the C compiler identification source file "CMakeCCompilerId.c" succeeded.
Compiler: C:/Program Files/Microsoft Visual Studio/2022/Community/VC/Tools/MSVC/14.36.32532/bin/Hostx86/x86/cl.exe 
Build flags: 
Id flags:  

The output was:
0
Microsoft (R) C/C++ Optimizing Compiler Version 19.36.32535 for x86
Copyright (C) Microsoft Corporation.  All rights reserved.

CMakeCCompilerId.c
Microsoft (R) Incremental Linker Version 14.36.32535.0
Copyright (C) Microsoft Corporation.  All rights reserved.

/out:CMakeCCompilerId.exe 
CMakeCCompilerId.obj 


Compilation of the C compiler identification source "CMakeCCompilerId.c" produced "CMakeCCompilerId.exe"

Compilation of the C compiler identification source "CMakeCCompilerId.c" produced "CMakeCCompilerId.obj"

The C compiler identification is MSVC, found in "C:/Users/ghisl/OneDrive/Informatique perso/learncpp/cmake-build-debug/CMakeFiles/3.25.2/CompilerIdC/CMakeCCompilerId.exe"

Compiling the CXX compiler identification source file "CMakeCXXCompilerId.cpp" succeeded.
Compiler: C:/Program Files/Microsoft Visual Studio/2022/Community/VC/Tools/MSVC/14.36.32532/bin/Hostx86/x86/cl.exe 
Build flags: 
Id flags:  

The output was:
0
Microsoft (R) C/C++ Optimizing Compiler Version 19.36.32535 for x86
Copyright (C) Microsoft Corporation.  All rights reserved.

CMakeCXXCompilerId.cpp
Microsoft (R) Incremental Linker Version 14.36.32535.0
Copyright (C) Microsoft Corporation.  All rights reserved.

/out:CMakeCXXCompilerId.exe 
CMakeCXXCompilerId.obj 


Compilation of the CXX compiler identification source "CMakeCXXCompilerId.cpp" produced "CMakeCXXCompilerId.exe"

Compilation of the CXX compiler identification source "CMakeCXXCompilerId.cpp" produced "CMakeCXXCompilerId.obj"

The CXX compiler identification is MSVC, found in "C:/Users/ghisl/OneDrive/Informatique perso/learncpp/cmake-build-debug/CMakeFiles/3.25.2/CompilerIdCXX/CMakeCXXCompilerId.exe"

Detecting C compiler ABI info compiled with the following output:
Change Dir: C:/Users/ghisl/OneDrive/Informatique perso/learncpp/cmake-build-debug/CMakeFiles/CMakeScratch/TryCompile-seluxf

Run Build Command(s):C:/Users/ghisl/AppData/Local/JetBrains/Toolbox/apps/CLion/ch-0/231.9161.40/bin/ninja/win/x64/ninja.exe cmTC_78ce4 && [1/2] Building C object CMakeFiles\cmTC_78ce4.dir\CMakeCCompilerABI.c.obj
[2/2] Linking C executable cmTC_78ce4.exe



Detecting CXX compiler ABI info compiled with the following output:
Change Dir: C:/Users/ghisl/OneDrive/Informatique perso/learncpp/cmake-build-debug/CMakeFiles/CMakeScratch/TryCompile-q2zeh2

Run Build Command(s):C:/Users/ghisl/AppData/Local/JetBrains/Toolbox/apps/CLion/ch-0/231.9161.40/bin/ninja/win/x64/ninja.exe cmTC_8a805 && [1/2] Building CXX object CMakeFiles\cmTC_8a805.dir\CMakeCXXCompilerABI.cpp.obj
[2/2] Linking CXX executable cmTC_8a805.exe



